MIDR { implementer=0x41 variant=0x1 arch=0xf part_no=0xc15 rev=0x3 }
CPSR { N=0 Z=1 C=1 V=0 Q=0 J=0 E=0 A=1 I=1 F=1 T=0 MODE=Ok(Sys) }
PMSA-v7 MPUIR: Mpuir { iregions: 0, dregions: 16, non_unified: false }
D00 0x00000000 = 00000000 00000000
D01 0x00000000 = 00000000 00000000
D02 0x00000000 = 00000000 00000000
D03 0x00000000 = 00000000 00000000
D04 0x00000000 = 00000000 00000000
D05 0x00000000 = 00000000 00000000
D06 0x00000000 = 00000000 00000000
D07 0x00000000 = 00000000 00000000
D08 0x00000000 = 00000000 00000000
D09 0x00000000 = 00000000 00000000
D10 0x00000000 = 00000000 00000000
D11 0x00000000 = 00000000 00000000
D12 0x00000000 = 00000000 00000000
D13 0x00000000 = 00000000 00000000
D14 0x00000000 = 00000000 00000000
D15 0x00000000 = 00000000 00000000
SCTLR { IE=0 TE=0 NMFI=0 EE=0 U=0 FI=0 DZ=0 BR=0 RR=0 V=0 I=0 Z=0 SW=0 C=0 A=0 M=0 } before setting C, I and Z
SCTLR { IE=0 TE=0 NMFI=0 EE=0 U=0 FI=0 DZ=0 BR=0 RR=0 V=0 I=1 Z=1 SW=0 C=1 A=0 M=0 } after
